<?xml version="1.0" encoding="UTF-8"?>
<testng-results ignored="0" total="1" passed="1" failed="0" skipped="0">
  <reporter-output>
  </reporter-output>
  <suite started-at="2024-02-23T12:24:14 IST" name="Default suite" finished-at="2024-02-23T12:24:53 IST" duration-ms="38676">
    <groups>
    </groups>
    <test started-at="2024-02-23T12:24:14 IST" name="Default test" finished-at="2024-02-23T12:24:53 IST" duration-ms="38676">
      <class name="com.TestCases.SearchProductTest">
        <test-method signature="searchProduct()[pri:0, instance:com.TestCases.SearchProductTest@6e20b53a]" started-at="2024-02-23T12:24:14 IST" name="searchProduct" finished-at="2024-02-23T12:24:53 IST" duration-ms="38643" status="PASS">
          <reporter-output>
          </reporter-output>
        </test-method> <!-- searchProduct -->
      </class> <!-- com.TestCases.SearchProductTest -->
    </test> <!-- Default test -->
  </suite> <!-- Default suite -->
</testng-results>
